#
# There is insufficient memory for the Java Runtime Environment to continue.
# Native memory allocation (malloc) failed to allocate 32744 bytes for ChunkPool::allocate
# Possible reasons:
#   The system is out of physical RAM or swap space
#   In 32 bit mode, the process size limit was hit
# Possible solutions:
#   Reduce memory load on the system
#   Increase physical memory or swap space
#   Check if swap backing store is full
#   Use 64 bit Java on a 64 bit OS
#   Decrease Java heap size (-Xmx/-Xms)
#   Decrease number of Java threads
#   Decrease Java thread stack sizes (-Xss)
#   Set larger code cache with -XX:ReservedCodeCacheSize=
# This output file may be truncated or incomplete.
#
#  Out of Memory Error (allocation.cpp:273), pid=9864, tid=0x00000000000025a4
#
# JRE version: Java(TM) SE Runtime Environment (8.0_191-b12) (build 1.8.0_191-b12)
# Java VM: Java HotSpot(TM) 64-Bit Server VM (25.191-b12 mixed mode windows-amd64 compressed oops)
# Failed to write core dump. Minidumps are not enabled by default on client versions of Windows
#

---------------  T H R E A D  ---------------

Current thread (0x000000000325e800):  JavaThread "main" [_thread_in_vm, id=9636, stack(0x0000000002fb0000,0x00000000030b0000)]

Stack: [0x0000000002fb0000,0x00000000030b0000]
[error occurred during error reporting (printing stack bounds), id 0xc0000005]

Native frames: (J=compiled Java code, j=interpreted, Vv=VM code, C=native code)

Java frames: (J=compiled Java code, j=interpreted, Vv=VM code)
j  CodingProgramming.fileRead()[[Ljava/lang/String;+7
j  CodingProgramming.<init>()V+6
j  CodingProgramming.main([Ljava/lang/String;)V+3
v  ~StubRoutines::call_stub

---------------  P R O C E S S  ---------------

Java Threads: ( => current thread )
  0x00000000173c5800 JavaThread "AWT-Windows" daemon [_thread_in_native, id=9804, stack(0x0000000017ec0000,0x0000000017fc0000)]
  0x00000000173c4800 JavaThread "Java2D Disposer" daemon [_thread_blocked, id=9036, stack(0x0000000017bc0000,0x0000000017cc0000)]
  0x0000000016feb800 JavaThread "Service Thread" daemon [_thread_blocked, id=9784, stack(0x00000000175e0000,0x00000000176e0000)]
  0x0000000016fe4000 JavaThread "C1 CompilerThread2" daemon [_thread_blocked, id=2320, stack(0x00000000174e0000,0x00000000175e0000)]
  0x00000000158d7800 JavaThread "C2 CompilerThread1" daemon [_thread_blocked, id=2024, stack(0x00000000173e0000,0x00000000174e0000)]
  0x000000001587e800 JavaThread "C2 CompilerThread0" daemon [_thread_blocked, id=10356, stack(0x0000000016ee0000,0x0000000016fe0000)]
  0x000000001587c800 JavaThread "Attach Listener" daemon [_thread_blocked, id=10580, stack(0x0000000016de0000,0x0000000016ee0000)]
  0x000000001587b000 JavaThread "Signal Dispatcher" daemon [_thread_blocked, id=3872, stack(0x0000000016ce0000,0x0000000016de0000)]
  0x000000001586a800 JavaThread "Finalizer" daemon [_thread_blocked, id=8752, stack(0x0000000016af0000,0x0000000016bf0000)]
  0x0000000015849000 JavaThread "Reference Handler" daemon [_thread_blocked, id=8364, stack(0x00000000169f0000,0x0000000016af0000)]
=>0x000000000325e800 JavaThread "main" [_thread_in_vm, id=9636, stack(0x0000000002fb0000,0x00000000030b0000)]

Other Threads:
  0x0000000015847800 VMThread [stack: 0x00000000168f0000,0x00000000169f0000] [id=1596]
  0x0000000016fed000 WatcherThread [stack: 0x00000000176e0000,0x00000000177e0000] [id=2240]

VM state:not at safepoint (normal execution)

VM Mutex/Monitor currently owned by a thread: None

Heap:
 PSYoungGen      total 51712K, used 7831K [0x00000000eb100000, 0x00000000f6180000, 0x0000000100000000)
  eden space 49152K, 15% used [0x00000000eb100000,0x00000000eb8a5d28,0x00000000ee100000)
  from space 2560K, 0% used [0x00000000ee100000,0x00000000ee100000,0x00000000ee380000)
  to   space 53760K, 0% used [0x00000000f2d00000,0x00000000f2d00000,0x00000000f6180000)
 ParOldGen       total 521728K, used 486330K [0x00000000c1200000, 0x00000000e0f80000, 0x00000000eb100000)
  object space 521728K, 93% used [0x00000000c1200000,0x00000000deceea98,0x00000000e0f80000)
 Metaspace       used 6672K, capacity 6850K, committed 7168K, reserved 1056768K
  class space    used 808K, capacity 899K, committed 1024K, reserved 1048576K

Card table byte_map: [0x0000000012620000,0x0000000012820000] byte_map_base: 0x0000000012017000

Marking Bits: (ParMarkBitMap*) 0x0000000055a63e30
 Begin Bits: [0x0000000012d70000, 0x0000000013d28000)
 End Bits:   [0x0000000013d28000, 0x0000000014ce0000)

Polling page: 0x0000000001460000

CodeCache: size=245760Kb used=1603Kb max_used=1603Kb free=244157Kb
 bounds [0x0000000003260000, 0x00000000034d0000, 0x0000000012260000]
 total_blobs=613 nmethods=265 adapters=261
 compilation: enabled

Compilation events (10 events):
Event: 6.482 Thread 0x0000000016fe4000  262  s    3       java.util.Hashtable::get (69 bytes)
Event: 6.482 Thread 0x0000000016fe4000 nmethod 262 0x00000000033ee390 code [0x00000000033ee520, 0x00000000033eeb58]
Event: 6.482 Thread 0x0000000016fe4000  261       3       java.lang.ClassLoader::getClassLoadingLock (35 bytes)
Event: 6.482 Thread 0x0000000016fe4000 nmethod 261 0x00000000033eedd0 code [0x00000000033eef40, 0x00000000033ef308]
Event: 6.485 Thread 0x0000000016fe4000  263       1       java.lang.reflect.Field::getName (5 bytes)
Event: 6.485 Thread 0x0000000016fe4000 nmethod 263 0x00000000033efd10 code [0x00000000033efe60, 0x00000000033eff70]
Event: 6.486 Thread 0x0000000016fe4000  264       3       sun.util.logging.PlatformLogger::isLoggable (38 bytes)
Event: 6.487 Thread 0x0000000016fe4000 nmethod 264 0x00000000033effd0 code [0x00000000033f0160, 0x00000000033f0568]
Event: 6.487 Thread 0x0000000016fe4000  265       3       sun.util.logging.PlatformLogger$DefaultLoggerProxy::isLoggable (29 bytes)
Event: 6.487 Thread 0x0000000016fe4000 nmethod 265 0x00000000033f06d0 code [0x00000000033f0860, 0x00000000033f0d90]

GC Heap History (10 events):
Event: 8.229 GC heap before
{Heap before GC invocations=4 (full 1):
 PSYoungGen      total 29184K, used 29184K [0x00000000eb100000, 0x00000000ed600000, 0x0000000100000000)
  eden space 26624K, 100% used [0x00000000eb100000,0x00000000ecb00000,0x00000000ecb00000)
  from space 2560K, 100% used [0x00000000ed380000,0x00000000ed600000,0x00000000ed600000)
  to   space 2560K, 0% used [0x00000000ed100000,0x00000000ed100000,0x00000000ed380000)
 ParOldGen       total 448512K, used 377170K [0x00000000c1200000, 0x00000000dc800000, 0x00000000eb100000)
  object space 448512K, 84% used [0x00000000c1200000,0x00000000d8254a98,0x00000000dc800000)
 Metaspace       used 6669K, capacity 6850K, committed 7168K, reserved 1056768K
  class space    used 807K, capacity 899K, committed 1024K, reserved 1048576K
Event: 8.456 GC heap after
Heap after GC invocations=4 (full 1):
 PSYoungGen      total 35328K, used 2560K [0x00000000eb100000, 0x00000000ee600000, 0x0000000100000000)
  eden space 32768K, 0% used [0x00000000eb100000,0x00000000eb100000,0x00000000ed100000)
  from space 2560K, 100% used [0x00000000ed100000,0x00000000ed380000,0x00000000ed380000)
  to   space 2560K, 0% used [0x00000000ee380000,0x00000000ee380000,0x00000000ee600000)
 ParOldGen       total 448512K, used 403914K [0x00000000c1200000, 0x00000000dc800000, 0x00000000eb100000)
  object space 448512K, 90% used [0x00000000c1200000,0x00000000d9c72a98,0x00000000dc800000)
 Metaspace       used 6669K, capacity 6850K, committed 7168K, reserved 1056768K
  class space    used 807K, capacity 899K, committed 1024K, reserved 1048576K
}
Event: 8.456 GC heap before
{Heap before GC invocations=5 (full 2):
 PSYoungGen      total 35328K, used 2560K [0x00000000eb100000, 0x00000000ee600000, 0x0000000100000000)
  eden space 32768K, 0% used [0x00000000eb100000,0x00000000eb100000,0x00000000ed100000)
  from space 2560K, 100% used [0x00000000ed100000,0x00000000ed380000,0x00000000ed380000)
  to   space 2560K, 0% used [0x00000000ee380000,0x00000000ee380000,0x00000000ee600000)
 ParOldGen       total 448512K, used 403914K [0x00000000c1200000, 0x00000000dc800000, 0x00000000eb100000)
  object space 448512K, 90% used [0x00000000c1200000,0x00000000d9c72a98,0x00000000dc800000)
 Metaspace       used 6669K, capacity 6850K, committed 7168K, reserved 1056768K
  class space    used 807K, capacity 899K, committed 1024K, reserved 1048576K
Event: 9.361 GC heap after
Heap after GC invocations=5 (full 2):
 PSYoungGen      total 35328K, used 0K [0x00000000eb100000, 0x00000000ee600000, 0x0000000100000000)
  eden space 32768K, 0% used [0x00000000eb100000,0x00000000eb100000,0x00000000ed100000)
  from space 2560K, 0% used [0x00000000ed100000,0x00000000ed100000,0x00000000ed380000)
  to   space 2560K, 0% used [0x00000000ee380000,0x00000000ee380000,0x00000000ee600000)
 ParOldGen       total 521728K, used 406278K [0x00000000c1200000, 0x00000000e0f80000, 0x00000000eb100000)
  object space 521728K, 77% used [0x00000000c1200000,0x00000000d9ec1988,0x00000000e0f80000)
 Metaspace       used 6669K, capacity 6850K, committed 7168K, reserved 1056768K
  class space    used 807K, capacity 899K, committed 1024K, reserved 1048576K
}
Event: 9.442 GC heap before
{Heap before GC invocations=6 (full 2):
 PSYoungGen      total 35328K, used 32768K [0x00000000eb100000, 0x00000000ee600000, 0x0000000100000000)
  eden space 32768K, 100% used [0x00000000eb100000,0x00000000ed100000,0x00000000ed100000)
  from space 2560K, 0% used [0x00000000ed100000,0x00000000ed100000,0x00000000ed380000)
  to   space 2560K, 0% used [0x00000000ee380000,0x00000000ee380000,0x00000000ee600000)
 ParOldGen       total 521728K, used 406278K [0x00000000c1200000, 0x00000000e0f80000, 0x00000000eb100000)
  object space 521728K, 77% used [0x00000000c1200000,0x00000000d9ec1988,0x00000000e0f80000)
 Metaspace       used 6672K, capacity 6850K, committed 7168K, reserved 1056768K
  class space    used 808K, capacity 899K, committed 1024K, reserved 1048576K
Event: 9.574 GC heap after
Heap after GC invocations=6 (full 2):
 PSYoungGen      total 50176K, used 2560K [0x00000000eb100000, 0x00000000ee600000, 0x0000000100000000)
  eden space 47616K, 0% used [0x00000000eb100000,0x00000000eb100000,0x00000000edf80000)
  from space 2560K, 100% used [0x00000000ee380000,0x00000000ee600000,0x00000000ee600000)
  to   space 2560K, 0% used [0x00000000ee100000,0x00000000ee100000,0x00000000ee380000)
 ParOldGen       total 521728K, used 436294K [0x00000000c1200000, 0x00000000e0f80000, 0x00000000eb100000)
  object space 521728K, 83% used [0x00000000c1200000,0x00000000dbc11988,0x00000000e0f80000)
 Metaspace       used 6672K, capacity 6850K, committed 7168K, reserved 1056768K
  class space    used 808K, capacity 899K, committed 1024K, reserved 1048576K
}
Event: 9.643 GC heap before
{Heap before GC invocations=7 (full 2):
 PSYoungGen      total 50176K, used 50176K [0x00000000eb100000, 0x00000000ee600000, 0x0000000100000000)
  eden space 47616K, 100% used [0x00000000eb100000,0x00000000edf80000,0x00000000edf80000)
  from space 2560K, 100% used [0x00000000ee380000,0x00000000ee600000,0x00000000ee600000)
  to   space 2560K, 0% used [0x00000000ee100000,0x00000000ee100000,0x00000000ee380000)
 ParOldGen       total 521728K, used 436294K [0x00000000c1200000, 0x00000000e0f80000, 0x00000000eb100000)
  object space 521728K, 83% used [0x00000000c1200000,0x00000000dbc11988,0x00000000e0f80000)
 Metaspace       used 6672K, capacity 6850K, committed 7168K, reserved 1056768K
  class space    used 808K, capacity 899K, committed 1024K, reserved 1048576K
Event: 9.869 GC heap after
Heap after GC invocations=7 (full 2):
 PSYoungGen      total 51712K, used 2560K [0x00000000eb100000, 0x00000000f6180000, 0x0000000100000000)
  eden space 49152K, 0% used [0x00000000eb100000,0x00000000eb100000,0x00000000ee100000)
  from space 2560K, 100% used [0x00000000ee100000,0x00000000ee380000,0x00000000ee380000)
  to   space 53760K, 0% used [0x00000000f2d00000,0x00000000f2d00000,0x00000000f6180000)
 ParOldGen       total 521728K, used 484118K [0x00000000c1200000, 0x00000000e0f80000, 0x00000000eb100000)
  object space 521728K, 92% used [0x00000000c1200000,0x00000000deac5988,0x00000000e0f80000)
 Metaspace       used 6672K, capacity 6850K, committed 7168K, reserved 1056768K
  class space    used 808K, capacity 899K, committed 1024K, reserved 1048576K
}
Event: 9.869 GC heap before
{Heap before GC invocations=8 (full 3):
 PSYoungGen      total 51712K, used 2560K [0x00000000eb100000, 0x00000000f6180000, 0x0000000100000000)
  eden space 49152K, 0% used [0x00000000eb100000,0x00000000eb100000,0x00000000ee100000)
  from space 2560K, 100% used [0x00000000ee100000,0x00000000ee380000,0x00000000ee380000)
  to   space 53760K, 0% used [0x00000000f2d00000,0x00000000f2d00000,0x00000000f6180000)
 ParOldGen       total 521728K, used 484118K [0x00000000c1200000, 0x00000000e0f80000, 0x00000000eb100000)
  object space 521728K, 92% used [0x00000000c1200000,0x00000000deac5988,0x00000000e0f80000)
 Metaspace       used 6672K, capacity 6850K, committed 7168K, reserved 1056768K
  class space    used 808K, capacity 899K, committed 1024K, reserved 1048576K
Event: 15.643 GC heap after
Heap after GC invocations=8 (full 3):
 PSYoungGen      total 51712K, used 0K [0x00000000eb100000, 0x00000000f6180000, 0x0000000100000000)
  eden space 49152K, 0% used [0x00000000eb100000,0x00000000eb100000,0x00000000ee100000)
  from space 2560K, 0% used [0x00000000ee100000,0x00000000ee100000,0x00000000ee380000)
  to   space 53760K, 0% used [0x00000000f2d00000,0x00000000f2d00000,0x00000000f6180000)
 ParOldGen       total 521728K, used 486330K [0x00000000c1200000, 0x00000000e0f80000, 0x00000000eb100000)
  object space 521728K, 93% used [0x00000000c1200000,0x00000000deceea98,0x00000000e0f80000)
 Metaspace       used 6672K, capacity 6850K, committed 7168K, reserved 1056768K
  class space    used 808K, capacity 899K, committed 1024K, reserved 1048576K
}

Deoptimization events (0 events):
No events

Classes redefined (0 events):
No events

Internal exceptions (10 events):
Event: 0.480 Thread 0x000000000325e800 Exception <a 'java/lang/NoSuchMethodError': Method sun.misc.Unsafe.defineClass(Ljava/lang/String;[BII)Ljava/lang/Class; name or signature does not match> (0x00000000eb107cb0) thrown at [C:\re\workspace\8-2-build-windows-amd64-cygwin\jdk8u191\11896\hotspot
Event: 0.480 Thread 0x000000000325e800 Exception <a 'java/lang/NoSuchMethodError': Method sun.misc.Unsafe.prefetchRead(Ljava/lang/Object;J)V name or signature does not match> (0x00000000eb107f98) thrown at [C:\re\workspace\8-2-build-windows-amd64-cygwin\jdk8u191\11896\hotspot\src\share\vm\prim
Event: 1.091 Thread 0x000000000325e800 Exception <a 'java/security/PrivilegedActionException'> (0x00000000eb19eab0) thrown at [C:\re\workspace\8-2-build-windows-amd64-cygwin\jdk8u191\11896\hotspot\src\share\vm\prims\jvm.cpp, line 1435]
Event: 1.091 Thread 0x000000000325e800 Exception <a 'java/security/PrivilegedActionException'> (0x00000000eb19ecc0) thrown at [C:\re\workspace\8-2-build-windows-amd64-cygwin\jdk8u191\11896\hotspot\src\share\vm\prims\jvm.cpp, line 1435]
Event: 1.092 Thread 0x000000000325e800 Exception <a 'java/security/PrivilegedActionException'> (0x00000000eb1a2930) thrown at [C:\re\workspace\8-2-build-windows-amd64-cygwin\jdk8u191\11896\hotspot\src\share\vm\prims\jvm.cpp, line 1435]
Event: 1.092 Thread 0x000000000325e800 Exception <a 'java/security/PrivilegedActionException'> (0x00000000eb1a2b40) thrown at [C:\re\workspace\8-2-build-windows-amd64-cygwin\jdk8u191\11896\hotspot\src\share\vm\prims\jvm.cpp, line 1435]
Event: 1.191 Thread 0x000000000325e800 Exception <a 'java/io/FileNotFoundException'> (0x00000000eb1f6b38) thrown at [C:\re\workspace\8-2-build-windows-amd64-cygwin\jdk8u191\11896\hotspot\src\share\vm\prims\jni.cpp, line 709]
Event: 1.286 Thread 0x000000000325e800 Exception <a 'java/lang/NoSuchFieldError': method resolution failed> (0x00000000eb2c83f0) thrown at [C:\re\workspace\8-2-build-windows-amd64-cygwin\jdk8u191\11896\hotspot\src\share\vm\prims\methodHandles.cpp, line 1167]
Event: 1.287 Thread 0x000000000325e800 Exception <a 'java/lang/NoSuchFieldError': method resolution failed> (0x00000000eb2d57c0) thrown at [C:\re\workspace\8-2-build-windows-amd64-cygwin\jdk8u191\11896\hotspot\src\share\vm\prims\methodHandles.cpp, line 1167]
Event: 1.525 Thread 0x000000000325e800 Exception <a 'java/io/FileNotFoundException'> (0x00000000eb36f538) thrown at [C:\re\workspace\8-2-build-windows-amd64-cygwin\jdk8u191\11896\hotspot\src\share\vm\prims\jni.cpp, line 709]

Events (10 events):
Event: 8.228 Executing VM operation: ParallelGCFailedAllocation
Event: 9.362 Executing VM operation: ParallelGCFailedAllocation done
Event: 9.397 loading class sun/awt/AppContext$PostShutdownEventRunnable done
Event: 9.397 loading class sun/awt/AWTAutoShutdown$1
Event: 9.397 loading class sun/awt/AWTAutoShutdown$1 done
Event: 9.397 Thread 0x00000000173c5000 Thread exited: 0x00000000173c5000
Event: 9.442 Executing VM operation: ParallelGCFailedAllocation
Event: 9.574 Executing VM operation: ParallelGCFailedAllocation done
Event: 9.643 Executing VM operation: ParallelGCFailedAllocation
Event: 15.643 Executing VM operation: ParallelGCFailedAllocation done


Dynamic libraries:
0x00007ff6923d0000 - 0x00007ff692407000 	C:\Program Files\Java\jre1.8.0_191\bin\javaw.exe
0x00007ffafbec0000 - 0x00007ffafc09b000 	C:\windows\SYSTEM32\ntdll.dll
0x00007ffafa590000 - 0x00007ffafa63e000 	C:\windows\System32\KERNEL32.DLL
0x00007ffaf8690000 - 0x00007ffaf88da000 	C:\windows\System32\KERNELBASE.dll
0x00007ffaf9420000 - 0x00007ffaf94c1000 	C:\windows\System32\ADVAPI32.dll
0x00007ffaf9530000 - 0x00007ffaf95cd000 	C:\windows\System32\msvcrt.dll
0x00007ffaf94d0000 - 0x00007ffaf9529000 	C:\windows\System32\sechost.dll
0x00007ffafbae0000 - 0x00007ffafbc05000 	C:\windows\System32\RPCRT4.dll
0x00007ffafbc20000 - 0x00007ffafbd6a000 	C:\windows\System32\USER32.dll
0x00007ffaf84e0000 - 0x00007ffaf84fe000 	C:\windows\System32\win32u.dll
0x00007ffafa3a0000 - 0x00007ffafa3c7000 	C:\windows\System32\GDI32.dll
0x00007ffaf8500000 - 0x00007ffaf8688000 	C:\windows\System32\gdi32full.dll
0x00007ffaf92c0000 - 0x00007ffaf935a000 	C:\windows\System32\msvcp_win.dll
0x00007ffaf83e0000 - 0x00007ffaf84d6000 	C:\windows\System32\ucrtbase.dll
0x00007ffaec550000 - 0x00007ffaec7b7000 	C:\windows\WinSxS\amd64_microsoft.windows.common-controls_6595b64144ccf1df_6.0.15063.1155_none_40c7922129a7722b\COMCTL32.dll
0x00007ffaf9680000 - 0x00007ffaf9976000 	C:\windows\System32\combase.dll
0x00007ffaf9360000 - 0x00007ffaf93ca000 	C:\windows\System32\bcryptPrimitives.dll
0x00007ffafa300000 - 0x00007ffafa32d000 	C:\windows\System32\IMM32.DLL
0x0000000054e10000 - 0x0000000054ee2000 	C:\Program Files\Java\jre1.8.0_191\bin\msvcr100.dll
0x0000000055240000 - 0x0000000055ae4000 	C:\Program Files\Java\jre1.8.0_191\bin\server\jvm.dll
0x00007ffafa390000 - 0x00007ffafa398000 	C:\windows\System32\PSAPI.DLL
0x00007ffad8be0000 - 0x00007ffad8be9000 	C:\windows\SYSTEM32\WSOCK32.dll
0x00007ffafa3d0000 - 0x00007ffafa43c000 	C:\windows\System32\WS2_32.dll
0x00007ffaf6940000 - 0x00007ffaf6963000 	C:\windows\SYSTEM32\WINMM.dll
0x00007ffaf3a00000 - 0x00007ffaf3a0a000 	C:\windows\SYSTEM32\VERSION.dll
0x00007ffaf6910000 - 0x00007ffaf693b000 	C:\windows\SYSTEM32\WINMMBASE.dll
0x00007ffaf93d0000 - 0x00007ffaf9419000 	C:\windows\System32\cfgmgr32.dll
0x0000000055230000 - 0x000000005523f000 	C:\Program Files\Java\jre1.8.0_191\bin\verify.dll
0x0000000055200000 - 0x0000000055229000 	C:\Program Files\Java\jre1.8.0_191\bin\java.dll
0x00000000551e0000 - 0x00000000551f6000 	C:\Program Files\Java\jre1.8.0_191\bin\zip.dll
0x00007ffafa6a0000 - 0x00007ffafbad8000 	C:\windows\System32\SHELL32.dll
0x00007ffafbe10000 - 0x00007ffafbeba000 	C:\windows\System32\shcore.dll
0x00007ffaf8bc0000 - 0x00007ffaf92b1000 	C:\windows\System32\windows.storage.dll
0x00007ffafa330000 - 0x00007ffafa381000 	C:\windows\System32\shlwapi.dll
0x00007ffaf8330000 - 0x00007ffaf8341000 	C:\windows\System32\kernel.appcore.dll
0x00007ffaf8370000 - 0x00007ffaf83bc000 	C:\windows\System32\powrprof.dll
0x00007ffaf83c0000 - 0x00007ffaf83d5000 	C:\windows\System32\profapi.dll
0x0000000055000000 - 0x0000000055199000 	C:\Program Files\Java\jre1.8.0_191\bin\awt.dll
0x00007ffafa240000 - 0x00007ffafa300000 	C:\windows\System32\OLEAUT32.dll
0x00007ffaf67e0000 - 0x00007ffaf685e000 	C:\windows\SYSTEM32\apphelp.dll
0x00007ffaf5d60000 - 0x00007ffaf5d8a000 	C:\windows\system32\DWMAPI.DLL
0x00007ffaf6c20000 - 0x00007ffaf6cb5000 	C:\windows\system32\uxtheme.dll
0x00007ffaee830000 - 0x00007ffaee951000 	C:\windows\system32\opengl32.dll
0x00007ffaf55f0000 - 0x00007ffaf561c000 	C:\windows\SYSTEM32\GLU32.dll
0x00007ffafa0d0000 - 0x00007ffafa236000 	C:\windows\System32\MSCTF.dll
0x00007ffafa440000 - 0x00007ffafa585000 	C:\windows\System32\ole32.dll
0x00007ffacc270000 - 0x00007ffacc3f9000 	C:\windows\system32\d3d9.dll
0x00007ffaf2750000 - 0x00007ffaf2831000 	C:\windows\System32\DriverStore\FileRepository\nvlw.inf_amd64_023b9580270c0a71\nvldumdx.dll
0x00007ffaf89f0000 - 0x00007ffaf8bb9000 	C:\windows\System32\crypt32.dll
0x00007ffaf8350000 - 0x00007ffaf8361000 	C:\windows\System32\MSASN1.dll
0x00007ffaf8990000 - 0x00007ffaf89e7000 	C:\windows\System32\WINTRUST.DLL
0x00007ffafbd70000 - 0x00007ffafbd8d000 	C:\windows\System32\imagehlp.dll
0x00007ffaf7d90000 - 0x00007ffaf7da7000 	C:\windows\SYSTEM32\CRYPTSP.dll
0x00007ffaf7800000 - 0x00007ffaf7834000 	C:\windows\system32\rsaenh.dll
0x00007ffaf7fd0000 - 0x00007ffaf7ff5000 	C:\windows\SYSTEM32\bcrypt.dll
0x00007ffaf7d80000 - 0x00007ffaf7d8b000 	C:\windows\SYSTEM32\CRYPTBASE.dll
0x00007ffabd980000 - 0x00007ffabeae7000 	C:\windows\System32\DriverStore\FileRepository\nvlw.inf_amd64_023b9580270c0a71\nvd3dumx.dll
0x00007ffaf1de0000 - 0x00007ffaf1eca000 	C:\Program Files (x86)\NVIDIA Corporation\3D Vision\nvSCPAPI64.dll
0x00007ffaf9af0000 - 0x00007ffaf9f2b000 	C:\windows\System32\SETUPAPI.dll

VM Arguments:
jvm_args: -Dfile.encoding=Cp1252 
java_command: CodingProgramming
java_class_path (initial): C:\Program Files\Java\jre1.8.0_191\lib\resources.jar;C:\Program Files\Java\jre1.8.0_191\lib\rt.jar;C:\Program Files\Java\jre1.8.0_191\lib\jsse.jar;C:\Program Files\Java\jre1.8.0_191\lib\jce.jar;C:\Program Files\Java\jre1.8.0_191\lib\charsets.jar;C:\Program Files\Java\jre1.8.0_191\lib\jfr.jar;C:\Program Files\Java\jre1.8.0_191\lib\ext\access-bridge-64.jar;C:\Program Files\Java\jre1.8.0_191\lib\ext\cldrdata.jar;C:\Program Files\Java\jre1.8.0_191\lib\ext\dnsns.jar;C:\Program Files\Java\jre1.8.0_191\lib\ext\jaccess.jar;C:\Program Files\Java\jre1.8.0_191\lib\ext\jfxrt.jar;C:\Program Files\Java\jre1.8.0_191\lib\ext\localedata.jar;C:\Program Files\Java\jre1.8.0_191\lib\ext\nashorn.jar;C:\Program Files\Java\jre1.8.0_191\lib\ext\sunec.jar;C:\Program Files\Java\jre1.8.0_191\lib\ext\sunjce_provider.jar;C:\Program Files\Java\jre1.8.0_191\lib\ext\sunmscapi.jar;C:\Program Files\Java\jre1.8.0_191\lib\ext\sunpkcs11.jar;C:\Program Files\Java\jre1.8.0_191\lib\ext\zipfs.jar;\\P09-WIN-S201\0579DATA\USERS\STUDENTS\2019\1066377\eclipse_workspace\Coding & Programming\bin
Launcher Type: SUN_STANDARD

Environment Variables:
PATH=C:/Program Files/Java/jre1.8.0_191/bin/server;C:/Program Files/Java/jre1.8.0_191/bin;C:/Program Files/Java/jre1.8.0_191/lib/amd64;C:\Program Files (x86)\Common Files\Oracle\Java\javapath;C:\ProgramData\Oracle\Java\javapath;C:\windows\system32;C:\windows;C:\windows\System32\Wbem;C:\windows\System32\WindowsPowerShell\v1.0\;C:\Program Files (x86)\Common Files\Netop\;C:\Program Files (x86)\Netop\Vision\XL\;C:\Program Files (x86)\GtkSharp\2.12\bin;C:\Program Files (x86)\Windows Kits\8.1\Windows Performance Toolkit\;C:\Program Files\Microsoft SQL Server\110\Tools\Binn\;C:\Program Files (x86)\Microsoft SDKs\TypeScript\1.0\;C:\Program Files\Microsoft SQL Server\120\Tools\Binn\;C:\Users\Administrator\AppData\Local\Microsoft\WindowsApps;C:\Users\Administrator\AppData\Local\GitHubDesktop\bin;C:\Users\1066377\Desktop;
USERNAME=1066377
OS=Windows_NT
PROCESSOR_IDENTIFIER=Intel64 Family 6 Model 60 Stepping 3, GenuineIntel



---------------  S Y S T E M  ---------------

OS: Windows 10.0 , 64 bit Build 15063 (10.0.15063.1058)

CPU:total 4 (initial active 4) (4 cores per cpu, 1 threads per core) family 6 model 60 stepping 3, cmov, cx8, fxsr, mmx, sse, sse2, sse3, ssse3, sse4.1, sse4.2, popcnt, avx, avx2, aes, clmul, erms, lzcnt, tsc, tscinvbit, bmi1, bmi2

Memory: 4k page, physical 4116260k(437300k free), swap 7768888k(1374504k free)

vm_info: Java HotSpot(TM) 64-Bit Server VM (25.191-b12) for windows-amd64 JRE (1.8.0_191-b12), built on Oct  6 2018 09:29:03 by "java_re" with MS VC++ 10.0 (VS2010)

time: Wed Nov 28 10:03:52 2018
elapsed time: 30 seconds (0d 0h 0m 30s)

